Using pre-set license
Built from '2020.3/staging' branch; Version is '2020.3.3f1 (76626098c1c4) revision 7758432'; Using compiler version '192528614'; Build Type 'Release'
OS: 'Windows 10 Home; OS build 19042.1415; Version 2009; 64bit' Language: 'pl' Physical Memory: 32682 MB
BatchMode: 1, IsHumanControllingUs: 0, StartBugReporterOnCrash: 0, Is64bit: 1, IsPro: 0

 COMMAND LINE ARGUMENTS:
F:\2020.3.3f1\Editor\Unity.exe
-adb2
-batchMode
-noUpm
-name
AssetImportWorker0
-projectPath
F:/unity projects/szczurki/GHGame/GHGame1
-logFile
Logs/AssetImportWorker0.log
-srvPort
64113
Successfully changed project path to: F:/unity projects/szczurki/GHGame/GHGame1
F:/unity projects/szczurki/GHGame/GHGame1
Using Asset Import Pipeline V2.
Refreshing native plugins compatible for Editor in 30.40 ms, found 1 plugins.
Preloading 0 native plugins for Editor in 0.00 ms.
Initialize engine version: 2020.3.3f1 (76626098c1c4)
[Subsystems] Discovering subsystems at path F:/2020.3.3f1/Editor/Data/Resources/UnitySubsystems
[Subsystems] Discovering subsystems at path F:/unity projects/szczurki/GHGame/GHGame1/Assets
GfxDevice: creating device client; threaded=0
Direct3D:
    Version:  Direct3D 11.0 [level 11.1]
    Renderer: NVIDIA GeForce RTX 2060 SUPER (ID=0x1f06)
    Vendor:   
    VRAM:     8031 MB
    Driver:   30.0.14.9729
Initialize mono
Mono path[0] = 'F:/2020.3.3f1/Editor/Data/Managed'
Mono path[1] = 'F:/2020.3.3f1/Editor/Data/MonoBleedingEdge/lib/mono/unityjit'
Mono config path = 'F:/2020.3.3f1/Editor/Data/MonoBleedingEdge/etc'
Using monoOptions --debugger-agent=transport=dt_socket,embedding=1,server=y,suspend=n,address=127.0.0.1:56132
Begin MonoManager ReloadAssembly
Registering precompiled unity dll's ...
Register platform support module: F:/2020.3.3f1/Editor/Data/PlaybackEngines/WindowsStandaloneSupport/UnityEditor.WindowsStandalone.Extensions.dll
Registered in 0.000884 seconds.
Native extension for WindowsStandalone target not found
Refreshing native plugins compatible for Editor in 38.57 ms, found 1 plugins.
Preloading 0 native plugins for Editor in 0.00 ms.
Invoked RoslynAnalysisRunner static constructor.
RoslynAnalysisRunner will not be running.
RoslynAnalysisRunner has terminated.
Mono: successfully reloaded assembly
- Completed reload, in  1.428 seconds
Platform modules already initialized, skipping
Registering precompiled user dll's ...
Registered in 0.000688 seconds.
Begin MonoManager ReloadAssembly
Native extension for WindowsStandalone target not found
Refreshing native plugins compatible for Editor in 39.91 ms, found 1 plugins.
Preloading 0 native plugins for Editor in 0.00 ms.
Invoked RoslynAnalysisRunner static constructor.
RoslynAnalysisRunner will not be running.
RoslynAnalysisRunner has terminated.
Mono: successfully reloaded assembly
- Completed reload, in  0.787 seconds
Platform modules already initialized, skipping
========================================================================
Worker process is ready to serve import requests
Launched and connected shader compiler UnityShaderCompiler.exe after 0.04 seconds
Refreshing native plugins compatible for Editor in 0.29 ms, found 1 plugins.
Preloading 0 native plugins for Editor in 0.00 ms.
Unloading 1834 Unused Serialized files (Serialized files now loaded: 0)
System memory in use before: 87.2 MB.
System memory in use after: 87.3 MB.

Unloading 19 unused Assets to reduce memory usage. Loaded Objects now: 2281.
Total: 1.869900 ms (FindLiveObjects: 0.184600 ms CreateObjectMapping: 0.081100 ms MarkObjects: 1.531900 ms  DeleteObjects: 0.070600 ms)

========================================================================
Received Import Request.
  path: Assets/Scenes/KubaScene.unity
  artifactKey: Guid(095fd6e6ee64a8b448ec1abe5926fdec) Importer(815301076,1909f56bfc062723c751e8b465ee728b)
Start importing Assets/Scenes/KubaScene.unity using Guid(095fd6e6ee64a8b448ec1abe5926fdec) Importer(815301076,1909f56bfc062723c751e8b465ee728b)  -> (artifact id: '9a3c772558ea157d4dd669cdee013210') in 0.013823 seconds
  Import took 0.016333 seconds .

========================================================================
Received Import Request.
  Time since last request: 15.157649 seconds.
  path: Assets/Graphics/GHIcon.png
  artifactKey: Guid(e99301e8f3a18c54b88c05897480e6bb) Importer(815301076,1909f56bfc062723c751e8b465ee728b)
Start importing Assets/Graphics/GHIcon.png using Guid(e99301e8f3a18c54b88c05897480e6bb) Importer(815301076,1909f56bfc062723c751e8b465ee728b)  -> (artifact id: '7a5d15dd41a6a4ed2a4448248d56ef51') in 0.226369 seconds
  Import took 0.229392 seconds .

========================================================================
Received Import Request.
  Time since last request: 0.000232 seconds.
  path: Assets/Graphics/space-stars-background_160081-158.jpg
  artifactKey: Guid(fce086f94a7bad142b1fb7d6e9171e37) Importer(815301076,1909f56bfc062723c751e8b465ee728b)
Start importing Assets/Graphics/space-stars-background_160081-158.jpg using Guid(fce086f94a7bad142b1fb7d6e9171e37) Importer(815301076,1909f56bfc062723c751e8b465ee728b)  -> (artifact id: 'e8b7f8c374cc09294e373740b8b685cd') in 0.054875 seconds
  Import took 0.057258 seconds .

========================================================================
Received Import Request.
  Time since last request: 0.000281 seconds.
  path: Assets/Graphics/GHIcon1.png
  artifactKey: Guid(7b0bd79849f9dcc40933b2925c993cff) Importer(815301076,1909f56bfc062723c751e8b465ee728b)
Start importing Assets/Graphics/GHIcon1.png using Guid(7b0bd79849f9dcc40933b2925c993cff) Importer(815301076,1909f56bfc062723c751e8b465ee728b)  -> (artifact id: '6445b8243b6bfa2f38a38ec7a67524c3') in 0.238884 seconds
  Import took 0.241512 seconds .

========================================================================
Received Import Request.
  Time since last request: 0.000286 seconds.
  path: Assets/Graphics/space-stars-background_160081-158p.png
  artifactKey: Guid(33d9a48bbfdde184ca73dd4535e6f94c) Importer(815301076,1909f56bfc062723c751e8b465ee728b)
Start importing Assets/Graphics/space-stars-background_160081-158p.png using Guid(33d9a48bbfdde184ca73dd4535e6f94c) Importer(815301076,1909f56bfc062723c751e8b465ee728b)  -> (artifact id: '6681dc1dd91238ed572e1b93eda74010') in 0.052979 seconds
  Import took 0.055323 seconds .

========================================================================
Received Import Request.
  Time since last request: 0.000243 seconds.
  path: Assets/Graphics/GHIcon1.png
  artifactKey: Guid(7b0bd79849f9dcc40933b2925c993cff) Importer(815301076,1909f56bfc062723c751e8b465ee728b)
Start importing Assets/Graphics/GHIcon1.png using Guid(7b0bd79849f9dcc40933b2925c993cff) Importer(815301076,1909f56bfc062723c751e8b465ee728b)  -> (artifact id: '6445b8243b6bfa2f38a38ec7a67524c3') in 0.067882 seconds
  Import took 0.070375 seconds .

========================================================================
Received Import Request.
  Time since last request: 0.000213 seconds.
  path: Assets/Graphics/space-stars-background_160081-158p.png
  artifactKey: Guid(33d9a48bbfdde184ca73dd4535e6f94c) Importer(815301076,1909f56bfc062723c751e8b465ee728b)
Start importing Assets/Graphics/space-stars-background_160081-158p.png using Guid(33d9a48bbfdde184ca73dd4535e6f94c) Importer(815301076,1909f56bfc062723c751e8b465ee728b)  -> (artifact id: '6681dc1dd91238ed572e1b93eda74010') in 0.011082 seconds
  Import took 0.013742 seconds .

========================================================================
Received Import Request.
  Time since last request: 1.277165 seconds.
  path: Assets/Graphics/Materials
  artifactKey: Guid(33db7a033973e6746aa8848a4a5df958) Importer(815301076,1909f56bfc062723c751e8b465ee728b)
Start importing Assets/Graphics/Materials using Guid(33db7a033973e6746aa8848a4a5df958) Importer(815301076,1909f56bfc062723c751e8b465ee728b)  -> (artifact id: '1b87b01a790795ff42972c9a62d72596') in 0.046567 seconds
  Import took 0.048786 seconds .

========================================================================
Received Import Request.
  Time since last request: 1.152032 seconds.
  path: Assets/Graphics/Materials/CyberskyFreeTrial-GOryA SDF.asset
  artifactKey: Guid(415a09080c110c742aa81fec914bc719) Importer(815301076,1909f56bfc062723c751e8b465ee728b)
Start importing Assets/Graphics/Materials/CyberskyFreeTrial-GOryA SDF.asset using Guid(415a09080c110c742aa81fec914bc719) Importer(815301076,1909f56bfc062723c751e8b465ee728b)  -> (artifact id: '299de5ef012befd2cb708334262f3dc6') in 1.201456 seconds
  Import took 1.203813 seconds .

========================================================================
Received Import Request.
  Time since last request: 0.000237 seconds.
  path: Assets/Graphics/Materials/MainMenu2.png
  artifactKey: Guid(e277bc58e26a1044f9814689dff3aa2a) Importer(815301076,1909f56bfc062723c751e8b465ee728b)
Start importing Assets/Graphics/Materials/MainMenu2.png using Guid(e277bc58e26a1044f9814689dff3aa2a) Importer(815301076,1909f56bfc062723c751e8b465ee728b)  -> (artifact id: '1e20c2d7620c331093fdd3ec72d1d07b') in 0.307671 seconds
  Import took 0.309845 seconds .

========================================================================
Received Import Request.
  Time since last request: 0.000231 seconds.
  path: Assets/Graphics/Materials/space-stars-background_160081-158.mat
  artifactKey: Guid(7e141b0e8e089184b82fd2a9af71aef5) Importer(815301076,1909f56bfc062723c751e8b465ee728b)
Start importing Assets/Graphics/Materials/space-stars-background_160081-158.mat using Guid(7e141b0e8e089184b82fd2a9af71aef5) Importer(815301076,1909f56bfc062723c751e8b465ee728b)  -> (artifact id: '693ed83d928ae213e55efbd20d7634b8') in 0.162594 seconds
  Import took 0.164702 seconds .

========================================================================
Received Import Request.
  Time since last request: 0.000191 seconds.
  path: Assets/Graphics/Materials/CyberskyFreeTrial-GOryA.otf
  artifactKey: Guid(58659a08f0429d34bb12a679cca17731) Importer(815301076,1909f56bfc062723c751e8b465ee728b)
Start importing Assets/Graphics/Materials/CyberskyFreeTrial-GOryA.otf using Guid(58659a08f0429d34bb12a679cca17731) Importer(815301076,1909f56bfc062723c751e8b465ee728b)  -> (artifact id: '06d95c995f626c66e33fe3baab5a9a73') in 0.019272 seconds
  Import took 0.022539 seconds .

========================================================================
Received Import Request.
  Time since last request: 0.000175 seconds.
  path: Assets/Graphics/Materials/tlo.png
  artifactKey: Guid(e473eb6f585d9a14dbf0b2cf4cac71b1) Importer(815301076,1909f56bfc062723c751e8b465ee728b)
Start importing Assets/Graphics/Materials/tlo.png using Guid(e473eb6f585d9a14dbf0b2cf4cac71b1) Importer(815301076,1909f56bfc062723c751e8b465ee728b)  -> (artifact id: '9ba085f6a4e7c5c11311890a2a7f7c11') in 0.360074 seconds
  Import took 0.362840 seconds .

========================================================================
Received Import Request.
  Time since last request: 0.000257 seconds.
  path: Assets/Graphics/Materials/CyberskyFreeTrial-GOryA.otf
  artifactKey: Guid(58659a08f0429d34bb12a679cca17731) Importer(815301076,1909f56bfc062723c751e8b465ee728b)
Start importing Assets/Graphics/Materials/CyberskyFreeTrial-GOryA.otf using Guid(58659a08f0429d34bb12a679cca17731) Importer(815301076,1909f56bfc062723c751e8b465ee728b)  -> (artifact id: '06d95c995f626c66e33fe3baab5a9a73') in 0.006172 seconds
  Import took 0.008486 seconds .

========================================================================
Received Import Request.
  Time since last request: 0.000285 seconds.
  path: Assets/Graphics/Materials/Shop_01.png
  artifactKey: Guid(496f78d4f49861b4baf05868710d0ccd) Importer(815301076,1909f56bfc062723c751e8b465ee728b)
Start importing Assets/Graphics/Materials/Shop_01.png using Guid(496f78d4f49861b4baf05868710d0ccd) Importer(815301076,1909f56bfc062723c751e8b465ee728b)  -> (artifact id: '90512a7ba5e3d1d89e0a9b3384c42541') in 0.563629 seconds
  Import took 0.566089 seconds .

========================================================================
Received Import Request.
  Time since last request: 0.000247 seconds.
  path: Assets/Graphics/Materials/GameOver_01.png
  artifactKey: Guid(79880c5aa23c41346853c2582b8dd422) Importer(815301076,1909f56bfc062723c751e8b465ee728b)
Start importing Assets/Graphics/Materials/GameOver_01.png using Guid(79880c5aa23c41346853c2582b8dd422) Importer(815301076,1909f56bfc062723c751e8b465ee728b)  -> (artifact id: 'e11adc692e9284f0d610f44c3935d1d2') in 2.093641 seconds
  Import took 2.095755 seconds .

========================================================================
Received Import Request.
  Time since last request: 91.840243 seconds.
  path: Assets/Scenes/MainMenu.unity
  artifactKey: Guid(f77001c91481a614eb0694b90ec79e51) Importer(815301076,1909f56bfc062723c751e8b465ee728b)
Start importing Assets/Scenes/MainMenu.unity using Guid(f77001c91481a614eb0694b90ec79e51) Importer(815301076,1909f56bfc062723c751e8b465ee728b)  -> (artifact id: '25f3e79610bd6028560de9e65c151015') in 0.017273 seconds
  Import took 0.019836 seconds .

========================================================================
Received Import Request.
  Time since last request: 250.344887 seconds.
  path: Assets/Scenes/GameOver.unity
  artifactKey: Guid(3f25aff27f0fd914d98b612de2d811a7) Importer(815301076,1909f56bfc062723c751e8b465ee728b)
Start importing Assets/Scenes/GameOver.unity using Guid(3f25aff27f0fd914d98b612de2d811a7) Importer(815301076,1909f56bfc062723c751e8b465ee728b)  -> (artifact id: 'c2e433a356e8f72b725fbb206734d574') in 0.014913 seconds
  Import took 0.017526 seconds .

========================================================================
Received Import Request.
  Time since last request: 156.063078 seconds.
  path: Assets/Scenes/Shop.unity
  artifactKey: Guid(d8f5bc7bff4f6b14f82faf71e6fdfe01) Importer(815301076,1909f56bfc062723c751e8b465ee728b)
Start importing Assets/Scenes/Shop.unity using Guid(d8f5bc7bff4f6b14f82faf71e6fdfe01) Importer(815301076,1909f56bfc062723c751e8b465ee728b)  -> (artifact id: '8d5b16eb409d51325a10973d245ed0ae') in 0.793749 seconds
  Import took 0.796397 seconds .

========================================================================
Received Import Request.
  Time since last request: 46.225952 seconds.
  path: Assets/spaceship_sprites/prefabs
  artifactKey: Guid(883db9dfea2f6444f86576a21667edcf) Importer(815301076,1909f56bfc062723c751e8b465ee728b)
Start importing Assets/spaceship_sprites/prefabs using Guid(883db9dfea2f6444f86576a21667edcf) Importer(815301076,1909f56bfc062723c751e8b465ee728b)  -> (artifact id: '130f97bf34069e4a667896ef46be7388') in 0.005543 seconds
  Import took 0.007864 seconds .

========================================================================
Received Import Request.
  Time since last request: 0.062925 seconds.
  path: Assets/spaceship_sprites/prefabs/spaceship_1.prefab
  artifactKey: Guid(7a70adb45063260458b0352db99d899c) Importer(815301076,1909f56bfc062723c751e8b465ee728b)
Start importing Assets/spaceship_sprites/prefabs/spaceship_1.prefab using Guid(7a70adb45063260458b0352db99d899c) Importer(815301076,1909f56bfc062723c751e8b465ee728b)  -> (artifact id: 'd1e714cee250cd0897889feb9bee97bc') in 0.887060 seconds
  Import took 0.889355 seconds .

========================================================================
Received Import Request.
  Time since last request: 0.000183 seconds.
  path: Assets/spaceship_sprites/prefabs/spaceship_5.prefab
  artifactKey: Guid(b16d6b0dc82a2f64e93b38b2e642a18d) Importer(815301076,1909f56bfc062723c751e8b465ee728b)
Start importing Assets/spaceship_sprites/prefabs/spaceship_5.prefab using Guid(b16d6b0dc82a2f64e93b38b2e642a18d) Importer(815301076,1909f56bfc062723c751e8b465ee728b)  -> (artifact id: '4a513e8d5c948c57029d6ba45188a8d9') in 0.058871 seconds
  Import took 0.060985 seconds .

========================================================================
Received Import Request.
  Time since last request: 0.000205 seconds.
  path: Assets/spaceship_sprites/prefabs/spaceship_2.prefab
  artifactKey: Guid(e2a563409f05b26429e07cb45c0d2ea2) Importer(815301076,1909f56bfc062723c751e8b465ee728b)
Start importing Assets/spaceship_sprites/prefabs/spaceship_2.prefab using Guid(e2a563409f05b26429e07cb45c0d2ea2) Importer(815301076,1909f56bfc062723c751e8b465ee728b)  -> (artifact id: '4a1e6d5834828ad95648a46e4809010c') in 0.049401 seconds
  Import took 0.051530 seconds .

========================================================================
Received Import Request.
  Time since last request: 0.000223 seconds.
  path: Assets/spaceship_sprites/prefabs/spaceship_4.prefab
  artifactKey: Guid(6ebfe353680ffd64ebfc2d27dad79525) Importer(815301076,1909f56bfc062723c751e8b465ee728b)
Start importing Assets/spaceship_sprites/prefabs/spaceship_4.prefab using Guid(6ebfe353680ffd64ebfc2d27dad79525) Importer(815301076,1909f56bfc062723c751e8b465ee728b)  -> (artifact id: '361c6cd76ed4bd3b91e396f201a01bfe') in 0.042525 seconds
  Import took 0.044691 seconds .

========================================================================
Received Import Request.
  Time since last request: 0.000176 seconds.
  path: Assets/spaceship_sprites/prefabs/spaceship_3.prefab
  artifactKey: Guid(e1e3a28de8604ba44a52ba4a3f16c95b) Importer(815301076,1909f56bfc062723c751e8b465ee728b)
Start importing Assets/spaceship_sprites/prefabs/spaceship_3.prefab using Guid(e1e3a28de8604ba44a52ba4a3f16c95b) Importer(815301076,1909f56bfc062723c751e8b465ee728b)  -> (artifact id: '300c9761cf1ec0f90764dae192864365') in 0.052937 seconds
  Import took 0.055058 seconds .

========================================================================
Received Import Request.
  Time since last request: 0.000235 seconds.
  path: Assets/spaceship_sprites/prefabs/spaceship_8.prefab
  artifactKey: Guid(fbc4320931e489045b535d6135e557bc) Importer(815301076,1909f56bfc062723c751e8b465ee728b)
Start importing Assets/spaceship_sprites/prefabs/spaceship_8.prefab using Guid(fbc4320931e489045b535d6135e557bc) Importer(815301076,1909f56bfc062723c751e8b465ee728b)  -> (artifact id: '5f171b57224248a65f1b453694ba0b3f') in 0.050216 seconds
  Import took 0.052258 seconds .

========================================================================
Received Import Request.
  Time since last request: 0.000236 seconds.
  path: Assets/spaceship_sprites/prefabs/spaceship_7.prefab
  artifactKey: Guid(236055fb118b89949bf4698f3928dd5b) Importer(815301076,1909f56bfc062723c751e8b465ee728b)
Start importing Assets/spaceship_sprites/prefabs/spaceship_7.prefab using Guid(236055fb118b89949bf4698f3928dd5b) Importer(815301076,1909f56bfc062723c751e8b465ee728b)  -> (artifact id: '972f785e975ac38c5c36ce5151413b66') in 0.018091 seconds
  Import took 0.020162 seconds .

========================================================================
Received Import Request.
  Time since last request: 0.000241 seconds.
  path: Assets/spaceship_sprites/prefabs/spaceship_6.prefab
  artifactKey: Guid(d096b2e176fd8744bb6feb2dd2b160bf) Importer(815301076,1909f56bfc062723c751e8b465ee728b)
Start importing Assets/spaceship_sprites/prefabs/spaceship_6.prefab using Guid(d096b2e176fd8744bb6feb2dd2b160bf) Importer(815301076,1909f56bfc062723c751e8b465ee728b)  -> (artifact id: '4a66e9511d19a73e03141f187bede47e') in 0.074111 seconds
  Import took 0.076215 seconds .

========================================================================
Received Import Request.
  Time since last request: 431.153750 seconds.
  path: Assets/Songs/Let Them Know.wav
  artifactKey: Guid(3b71144a8e887c14abc1531ff667c790) Importer(815301076,1909f56bfc062723c751e8b465ee728b)
Start importing Assets/Songs/Let Them Know.wav using Guid(3b71144a8e887c14abc1531ff667c790) Importer(815301076,1909f56bfc062723c751e8b465ee728b)  -> (artifact id: '810aa6cd9015c84585734b9bb688e6f6') in 0.124401 seconds
  Import took 0.127049 seconds .

========================================================================
Received Import Request.
  Time since last request: 0.000271 seconds.
  path: Assets/Songs/spacesong.wav
  artifactKey: Guid(8ddde3d2ef9fd8c4ba5ace4bf99780aa) Importer(815301076,1909f56bfc062723c751e8b465ee728b)
Start importing Assets/Songs/spacesong.wav using Guid(8ddde3d2ef9fd8c4ba5ace4bf99780aa) Importer(815301076,1909f56bfc062723c751e8b465ee728b)  -> (artifact id: '21d2a88f513d999b700f43c120ddc2ff') in 0.060084 seconds
  Import took 0.062065 seconds .

========================================================================
Received Import Request.
  Time since last request: 0.000224 seconds.
  path: Assets/Songs/shot.wav
  artifactKey: Guid(1f4a41032364be843ae2ac3c1a2a7026) Importer(815301076,1909f56bfc062723c751e8b465ee728b)
Start importing Assets/Songs/shot.wav using Guid(1f4a41032364be843ae2ac3c1a2a7026) Importer(815301076,1909f56bfc062723c751e8b465ee728b)  -> (artifact id: 'f5892ff2321031e3f11db83d0e12ae3d') in 0.008171 seconds
  Import took 0.010388 seconds .

========================================================================
Received Import Request.
  Time since last request: 3.469646 seconds.
  path: Assets/spaceship_sprites/texture/spaceships.psd
  artifactKey: Guid(8d18f6d2b73e89b4882fbf3bb5aedb4b) Importer(815301076,1909f56bfc062723c751e8b465ee728b)
Start importing Assets/spaceship_sprites/texture/spaceships.psd using Guid(8d18f6d2b73e89b4882fbf3bb5aedb4b) Importer(815301076,1909f56bfc062723c751e8b465ee728b)  -> (artifact id: '5376b1baff86a0aa8aef25692a4aa9f7') in 0.129482 seconds
  Import took 0.132322 seconds .

========================================================================
Received Import Request.
  Time since last request: 375.296553 seconds.
  path: Assets/Scenes/ShopSettings.lighting
  artifactKey: Guid(c4ffac5c6d841da4c972f2ad9a4d2f12) Importer(815301076,1909f56bfc062723c751e8b465ee728b)
Start importing Assets/Scenes/ShopSettings.lighting using Guid(c4ffac5c6d841da4c972f2ad9a4d2f12) Importer(815301076,1909f56bfc062723c751e8b465ee728b)  -> (artifact id: '35656fac7cc35590ab71635739dc6870') in 0.006022 seconds
  Import took 0.008687 seconds .

========================================================================
Received Import Request.
  Time since last request: 0.002895 seconds.
  path: Assets/Scenes/ShopSettings.lighting
  artifactKey: Guid(c4ffac5c6d841da4c972f2ad9a4d2f12) Importer(815301076,1909f56bfc062723c751e8b465ee728b)
Start importing Assets/Scenes/ShopSettings.lighting using Guid(c4ffac5c6d841da4c972f2ad9a4d2f12) Importer(815301076,1909f56bfc062723c751e8b465ee728b)  -> (artifact id: '35656fac7cc35590ab71635739dc6870') in 0.012767 seconds
  Import took 0.015050 seconds .

========================================================================
Received Import Request.
  Time since last request: 3.118070 seconds.
  path: Assets/Scenes/GameOverSettings.lighting
  artifactKey: Guid(bf63ecc387ab4f14c92fdbeb0eab2edc) Importer(815301076,1909f56bfc062723c751e8b465ee728b)
Start importing Assets/Scenes/GameOverSettings.lighting using Guid(bf63ecc387ab4f14c92fdbeb0eab2edc) Importer(815301076,1909f56bfc062723c751e8b465ee728b)  -> (artifact id: '3a00f44dba0b06977be79d969dd8d500') in 0.004302 seconds
  Import took 0.006531 seconds .

========================================================================
Received Import Request.
  Time since last request: 25.952590 seconds.
  path: Assets/Scenes/GameOver.unity
  artifactKey: Guid(3f25aff27f0fd914d98b612de2d811a7) Importer(815301076,1909f56bfc062723c751e8b465ee728b)
Start importing Assets/Scenes/GameOver.unity using Guid(3f25aff27f0fd914d98b612de2d811a7) Importer(815301076,1909f56bfc062723c751e8b465ee728b)  -> (artifact id: 'cb18c3f2c0f27ef06ff83629ac0950c0') in 0.001567 seconds
  Import took 0.003962 seconds .

========================================================================
Received Import Request.
  Time since last request: 19.712779 seconds.
  path: Assets/Scenes/MainMenu.unity
  artifactKey: Guid(f77001c91481a614eb0694b90ec79e51) Importer(815301076,1909f56bfc062723c751e8b465ee728b)
Start importing Assets/Scenes/MainMenu.unity using Guid(f77001c91481a614eb0694b90ec79e51) Importer(815301076,1909f56bfc062723c751e8b465ee728b)  -> (artifact id: '67421202d2b02312da0fb6a846a95ec8') in 0.001612 seconds
  Import took 0.003841 seconds .

========================================================================
Received Import Request.
  Time since last request: 8.776998 seconds.
  path: Assets/Scenes/Shop.unity
  artifactKey: Guid(d8f5bc7bff4f6b14f82faf71e6fdfe01) Importer(815301076,1909f56bfc062723c751e8b465ee728b)
Start importing Assets/Scenes/Shop.unity using Guid(d8f5bc7bff4f6b14f82faf71e6fdfe01) Importer(815301076,1909f56bfc062723c751e8b465ee728b)  -> (artifact id: '7d003abcc0f1585671fdc64a8fd1f57a') in 0.001738 seconds
  Import took 0.004087 seconds .

========================================================================
Received Import Request.
  Time since last request: 0.893994 seconds.
  path: Assets/Scenes/GameOver.unity
  artifactKey: Guid(3f25aff27f0fd914d98b612de2d811a7) Importer(815301076,1909f56bfc062723c751e8b465ee728b)
Start importing Assets/Scenes/GameOver.unity using Guid(3f25aff27f0fd914d98b612de2d811a7) Importer(815301076,1909f56bfc062723c751e8b465ee728b)  -> (artifact id: '2c3bf85526956b254a607ee7eec9bd50') in 0.001777 seconds
  Import took 0.003971 seconds .

AssetImportWorkerClient::OnTransportError - code=2 error=End of file
